Generating 3D model for part 112404_BNC.
Generating 3D model for part 760390014.
Generating 3D model for part BS127D-S022-60G_1576526357.
	*Warning: No mapping for cell/part BS127D-S022-60G_1576526357
Generating 3D model for part C1608_1080710495.
	*Warning: No mapping for cell/part C1608_1080710495
Generating 3D model for part C2012_3608481538.
	*Warning: No mapping for cell/part C2012_3608481538
Generating 3D model for part DFN11_W3.0X3.0_P0.5_F0.4_EP1.7X2.4_1638488609.
	*Warning: No mapping for cell/part DFN11_W3.0X3.0_P0.5_F0.4_EP1.7X2.4_1638488609
Generating 3D model for part DO-214-AC_3708129320.
	*Warning: No mapping for cell/part DO-214-AC_3708129320
Generating 3D model for part DO-219AD_2310467993.
	*Warning: No mapping for cell/part DO-219AD_2310467993
Generating 3D model for part E_F60_3797891481.
	*Warning: No mapping for cell/part E_F60_3797891481
Generating 3D model for part E_F60_868187307.
	*Warning: No mapping for cell/part E_F60_868187307
Generating 3D model for part E_H10_2057881595.
	*Warning: No mapping for cell/part E_H10_2057881595
Generating 3D model for part E_H63_2560272880.
	*Warning: No mapping for cell/part E_H63_2560272880
Generating 3D model for part HIF3FC-16PA-2.54DSA.
Generating 3D model for part HIF3H-16DA-2.54SDA_1623965147.
	*Warning: No mapping for cell/part HIF3H-16DA-2.54SDA_1623965147
Generating 3D model for part JS102011JCQN_2466310399.
	*Warning: No mapping for cell/part JS102011JCQN_2466310399
Generating 3D model for part L2012_3608481538.
	*Warning: No mapping for cell/part L2012_3608481538
Generating 3D model for part LED1608_3261816311.
	*Warning: No mapping for cell/part LED1608_3261816311
Generating 3D model for part MDE-1250_2927702452.
	*Warning: No mapping for cell/part MDE-1250_2927702452
Generating 3D model for part NTH-3.0MM_498584182.
	*Warning: No mapping for cell/part NTH-3.0MM_498584182
Generating 3D model for part PJS008-2003-1_4267916820.
	*Warning: No mapping for cell/part PJS008-2003-1_4267916820
Generating 3D model for part QFN21_W4.0X4.0_P0.5_F0.4_EP2.6_313119518.
	*Warning: No mapping for cell/part QFN21_W4.0X4.0_P0.5_F0.4_EP2.6_313119518
Generating 3D model for part R1608_1080710495.
	*Warning: No mapping for cell/part R1608_1080710495
Generating 3D model for part R2012_3608481538.
	*Warning: No mapping for cell/part R2012_3608481538
Generating 3D model for part R3216_1235778408.
	*Warning: No mapping for cell/part R3216_1235778408
Generating 3D model for part R5025_761116422.
	*Warning: No mapping for cell/part R5025_761116422
Generating 3D model for part S8411-45R_2626868191.
	*Warning: No mapping for cell/part S8411-45R_2626868191
Generating 3D model for part SMW200-02.
Generating 3D model for part SMW200-03.
Generating 3D model for part SMW200-08.
Generating 3D model for part SMW250-02.
Generating 3D model for part SMW250-03.
Generating 3D model for part SOD-123-FL_2079859834.
	*Warning: No mapping for cell/part SOD-123-FL_2079859834
Generating 3D model for part SOD-323_1851020938.
	*Warning: No mapping for cell/part SOD-323_1851020938
Generating 3D model for part SOP16_W10.3X7.0_P1.27_F0.5.
Generating 3D model for part SOP16_W6.2X7.8_P0.65_F0.7_390866504.
	*Warning: No mapping for cell/part SOP16_W6.2X7.8_P0.65_F0.7_390866504
Generating 3D model for part SOP20_W6.5X6.4_P0.65_F0.6_1472086209.
	*Warning: No mapping for cell/part SOP20_W6.5X6.4_P0.65_F0.6_1472086209
Generating 3D model for part SOP6_W8.6X10.3_P2.54_F1.1.
Generating 3D model for part SOP8_W3.0X4.9_P0.65_F0.6_711168674.
	*Warning: No mapping for cell/part SOP8_W3.0X4.9_P0.65_F0.6_711168674
Generating 3D model for part SOP8_W5.0X6.0_P1.27_F0.8_3537722685.
	*Warning: No mapping for cell/part SOP8_W5.0X6.0_P1.27_F0.8_3537722685
Generating 3D model for part SOT-223-2_1464355366.
	*Warning: No mapping for cell/part SOT-223-2_1464355366
Generating 3D model for part SOT-23_1_833182654.
	*Warning: No mapping for cell/part SOT-23_1_833182654
Generating 3D model for part SOT-23_2_833182654.
	*Warning: No mapping for cell/part SOT-23_2_833182654
Generating 3D model for part SOT23L_5_457755146.
	*Warning: No mapping for cell/part SOT23L_5_457755146
Generating 3D model for part TC2012_3608481538.
	*Warning: No mapping for cell/part TC2012_3608481538
Generating 3D model for part TC3216_1235778408.
	*Warning: No mapping for cell/part TC3216_1235778408
Generating 3D model for part TO-263_5PIN.
Generating 3D model for part TP-1.5-1.0_2838679838.
	*Warning: No mapping for cell/part TP-1.5-1.0_2838679838
Generating 3D model for part TP-1.5-1.0_480574648.
	*Warning: No mapping for cell/part TP-1.5-1.0_480574648
Generating 3D model for part YMW025-02R.
Generating 3D model for part YMW025-03R.
Generating 3D model for part YMW025-05R.
Generating 3D model for part YMW025-06R.
Generating 3D model for part YMW025-08R.
Generating 3D model for part YW396-02V_3749176224.
	*Warning: No mapping for cell/part YW396-02V_3749176224
Generating 3D model for part NTH-3.0MM_498584182.
Generating 3D model for part NTH-3.5_498584182.
	*Warning: No mapping for cell/part NTH-3.5_498584182
Generating 3D model for part VISION_1_496776110.
	*Warning: No mapping for cell/part VISION_1_496776110
Generating 3D model for part HEADER-2.54P-1X2_2271330228.
	*Warning: No mapping for cell/part HEADER-2.54P-1X2_2271330228
Generating 3D model for part E_D56_2103967902.
	*Warning: No mapping for cell/part E_D56_2103967902
Generating 3D model for part E_D56_564383620.
	*Warning: No mapping for cell/part E_D56_564383620
Generating 3D model for part SOP8_W2.0X3.1_P0.5_F0.3_2677451040.
	*Warning: No mapping for cell/part SOP8_W2.0X3.1_P0.5_F0.3_2677451040
Generating 3D model for part SOP16_W10.0X6.0_P1.27_F0.8.
Generating 3D model for part SOT353-1_2195847531.
	*Warning: No mapping for cell/part SOT353-1_2195847531
Generating 3D model for part TP-1.5-0.8_1651601106.
	*Warning: No mapping for cell/part TP-1.5-0.8_1651601106
Generating 3D model for part TP-1.5-0.8_2838679838.
	*Warning: No mapping for cell/part TP-1.5-0.8_2838679838
Generating 3D model for part TP-1.5-0.8_480574648.
	*Warning: No mapping for cell/part TP-1.5-0.8_480574648
