Generating 3D model for part L2012_3608481538.
	*Warning: No mapping for cell/part L2012_3608481538
Generating 3D model for part C2012_3608481538.
	*Warning: No mapping for cell/part C2012_3608481538
Generating 3D model for part C2012_3608481538.
Generating 3D model for part S2506-02_3295368537.
	*Warning: No mapping for cell/part S2506-02_3295368537
Generating 3D model for part NW-A2510-3AW.
Generating 3D model for part NW-A2510-6A_666735958.
	*Warning: No mapping for cell/part NW-A2510-6A_666735958
Generating 3D model for part NW-A2510-3A_666735958.
	*Warning: No mapping for cell/part NW-A2510-3A_666735958
Generating 3D model for part NW-A2510-4A_666735958.
	*Warning: No mapping for cell/part NW-A2510-4A_666735958
Generating 3D model for part HEADER-2.54MM-7P_1328737372.
	*Warning: No mapping for cell/part HEADER-2.54MM-7P_1328737372
Generating 3D model for part R2012_3608481538.
	*Warning: No mapping for cell/part R2012_3608481538
Generating 3D model for part R3216_1235778408.
	*Warning: No mapping for cell/part R3216_1235778408
Generating 3D model for part TP-3.1MM_2190001384.
	*Warning: No mapping for cell/part TP-3.1MM_2190001384
Generating 3D model for part TP-3.14MM_2182399518.
	*Warning: No mapping for cell/part TP-3.14MM_2182399518
Generating 3D model for part 7805_TO-220_1757016264.
	*Warning: No mapping for cell/part 7805_TO-220_1757016264
Generating 3D model for part 79L05_SOT-89_3563164876.
	*Warning: No mapping for cell/part 79L05_SOT-89_3563164876
Generating 3D model for part 3224X-1-502E_299177076.
	*Warning: No mapping for cell/part 3224X-1-502E_299177076
Generating 3D model for part 3266W-1-103LF_2195409044.
	*Warning: No mapping for cell/part 3266W-1-103LF_2195409044
Generating 3D model for part TC3216_1235778408.
	*Warning: No mapping for cell/part TC3216_1235778408
Generating 3D model for part TC3216_1235778408.
Generating 3D model for part TC3216_1235778408.
Generating 3D model for part TC3528_2167238568.
	*Warning: No mapping for cell/part TC3528_2167238568
Generating 3D model for part TC3528_1234467446.
	*Warning: No mapping for cell/part TC3528_1234467446
Generating 3D model for part TC6032_3371599524.
	*Warning: No mapping for cell/part TC6032_3371599524
Generating 3D model for part TC6032_3104034692.
	*Warning: No mapping for cell/part TC6032_3104034692
Generating 3D model for part OPA380AIDR_4189013405.
	*Warning: No mapping for cell/part OPA380AIDR_4189013405
Generating 3D model for part SOT23_3_433343804.
	*Warning: No mapping for cell/part SOT23_3_433343804
