Drill Listing
=============
Drill: .00787  Tool: 1  Feed: 0  Speed: 0
X 397054  Y 397056
X 397054  Y 407056
X 397054  Y 417056
X 407054  Y 397056
X 407054  Y 407056
X 407054  Y 417056
X 417054  Y 407056
X 417054  Y 397056
X 427054  Y 397056
X 427054  Y 407056
X 437054  Y 397056
X 437054  Y 407056
X 447054  Y 407056
X 447054  Y 397056
X 457054  Y 407056
X 457054  Y 397056
X 487054  Y 397056
X 494488  Y 410393
X 494488  Y 400393
X 494488  Y 420393
X 494488  Y 430393
X 494488  Y 440393
X 487054  Y 427056
X 487054  Y 437056
X 477165  Y 429527
X 477054  Y 437056
X 433464  Y 429133
X 431102  Y 422834
X 430708  Y 436220
X 425196  Y 428740
X 424015  Y 435826
X 407054  Y 427056
X 397054  Y 427056
X 397054  Y 437056
X 397054  Y 467056
X 407054  Y 467056
X 417054  Y 467056
X 427054  Y 467056
X 436220  Y 449212
X 467054  Y 467056
X 477054  Y 467056
X 487054  Y 457056
X 487054  Y 447056
X 487054  Y 467056
X 494488  Y 450393
X 494488  Y 460393
X 494488  Y 470393
X 494488  Y 480393
X 494488  Y 490393
X 487054  Y 477056
X 487054  Y 487056
X 467054  Y 477056
X 467054  Y 487056
X 457054  Y 477056
X 427054  Y 487056
X 427054  Y 477056
X 417054  Y 487056
X 417054  Y 477056
X 407054  Y 487056
X 407054  Y 477056
X 397054  Y 487056
X 397054  Y 477056
X 397054  Y 497056
X 397054  Y 507056
X 397054  Y 517056
X 403149  Y 515354
X 407054  Y 497056
X 407054  Y 507056
X 414960  Y 503937
X 417054  Y 497056
X 427054  Y 497056
X 430314  Y 504724
X 438188  Y 514960
X 447054  Y 517056
X 457054  Y 507056
X 457054  Y 517056
X 467054  Y 497056
X 467054  Y 507056
X 477054  Y 507056
X 477054  Y 497056
X 487054  Y 497056
X 487054  Y 507056
X 487054  Y 517056
X 494488  Y 500393
X 494488  Y 510393
X 494488  Y 520393
X 493700  Y 528346
X 491181  Y 533858
X 487054  Y 527056
X 481181  Y 533858
X 471181  Y 533858
X 467054  Y 527056
X 461181  Y 533858
X 457054  Y 527056
X 451181  Y 533858
X 441181  Y 533858
X 438976  Y 525984
X 434645  Y 533858
X 407874  Y 533858
X 403937  Y 527165
X 401181  Y 533858
X 397054  Y 527056

Drill: .02756  Tool: 2  Feed: 197  Speed: 550
X 444011  Y 449012
X 444011  Y 454012
X 444011  Y 459012
X 444011  Y 464012
X 444011  Y 469012
X 448342  Y 451512
X 448342  Y 456512
X 448342  Y 461512
X 448342  Y 466512
X 448342  Y 471512
X 448342  Y 476512
X 448342  Y 481512
X 444011  Y 479012
X 444011  Y 484012
X 444011  Y 474012

Drill: .03543  Tool: 3  Feed: 197  Speed: 550
X 403543  Y 455145
X 413385  Y 455145
X 423228  Y 455145

Drill: .03937  Tool: 4  Feed: 197  Speed: 550
X 448425  Y 525590

Drill: .04724  Tool: 5  Feed: 139  Speed: 550
X 474409  Y 444881
X 474409  Y 454724
X 474409  Y 480314
X 474409  Y 490157
X 474409  Y 515748
X 474409  Y 525590

Drill: .11299  Tool: 6  Feed: 69  Speed: 658
X 446177  Y 430685
X 446177  Y 502338

Drill: .15748  Tool: 7  Feed: 35  Speed: 900
X 474406  Y 411417
X 421257  Y 521653

End of Listing
