Drill Listing
=============
Drill: .00787  Tool: 1  Feed: 0  Speed: 0
X 429133  Y 417322
X 437007  Y 417322
X 444881  Y 417322
X 421259  Y 425196
X 437007  Y 425196
X 429133  Y 425196
X 444881  Y 425196
X 429133  Y 433070
X 437007  Y 433070
X 444881  Y 433070
X 421259  Y 433070
X 421259  Y 440944
X 444881  Y 440944
X 437007  Y 440944
X 429133  Y 440944
X 437007  Y 448818
X 429133  Y 448818
X 444881  Y 448818
X 421259  Y 448818
X 429133  Y 480314
X 421259  Y 480314
X 421259  Y 496062
X 421259  Y 503937
X 421259  Y 511811
X 421259  Y 519685
X 429133  Y 519685
X 437007  Y 519685
X 444881  Y 519685
X 429133  Y 527559
X 437007  Y 527559
X 421259  Y 527559
X 444881  Y 527559
X 421259  Y 535433
X 437007  Y 535433
X 429133  Y 535433
X 437007  Y 543307
X 429133  Y 543307
X 421259  Y 543307
X 429133  Y 551181
X 437007  Y 551181
X 429133  Y 559055
X 437007  Y 559055
X 452755  Y 527559
X 452755  Y 519685
X 456692  Y 480314
X 464566  Y 480314
X 466525  Y 467060
X 464566  Y 448818
X 452755  Y 448818
X 464566  Y 440944
X 452755  Y 440944
X 452755  Y 433070
X 452755  Y 425196
X 460629  Y 417322
X 468503  Y 417322
X 452755  Y 417322
X 476377  Y 417322
X 484251  Y 417322
X 492125  Y 417322
X 496062  Y 440944
X 472440  Y 440944
X 496062  Y 448818
X 472440  Y 448818
X 496062  Y 456692
X 472440  Y 464566
X 496062  Y 472440
X 472440  Y 480314
X 488188  Y 488188
X 472440  Y 488188
X 496062  Y 488188
X 480314  Y 488188
X 472440  Y 496062
X 496062  Y 496062
X 488188  Y 496062
X 480314  Y 496062
X 507874  Y 559055
X 500000  Y 559055
X 507874  Y 551181
X 515748  Y 543307
X 515748  Y 535433
X 497662  Y 535275
X 515748  Y 527559
X 515748  Y 519685
X 515748  Y 511811
X 515748  Y 503937
X 515748  Y 496062
X 503937  Y 496062
X 503937  Y 488188
X 515748  Y 488188
X 497228  Y 479330
X 503937  Y 456692
X 515748  Y 456692
X 515748  Y 448818
X 503937  Y 448818
X 507874  Y 417322
X 500000  Y 417322
X 523622  Y 425196
X 523622  Y 433070
X 523622  Y 440944
X 523622  Y 448818
X 523622  Y 456692
X 523622  Y 464566
X 523622  Y 472440
X 523622  Y 480314
X 523622  Y 488188
X 523622  Y 496062
X 523622  Y 503937
X 523622  Y 511811
X 523622  Y 519685
X 523622  Y 527559
X 523622  Y 535433
X 523622  Y 543307

Drill: .02953  Tool: 2  Feed: 197  Speed: 550
X 482283  Y 461614
X 486220  Y 465551
X 478346  Y 465551
X 482283  Y 469488

Drill: .03346  Tool: 3  Feed: 197  Speed: 550
X 470389  Y 545523
X 460547  Y 545523
X 480232  Y 545523

End of Listing
