Generating 3D model for part FIDUCIAL-MARK-3.0-1.0_926426950.
	*Warning: No mapping for cell/part FIDUCIAL-MARK-3.0-1.0_926426950
Generating 3D model for part FIDUCIAL-MARK-3.0-1.0_3744806228.
	*Warning: No mapping for cell/part FIDUCIAL-MARK-3.0-1.0_3744806228
Generating 3D model for part FIDUCIAL-MARK-3.0-1.0_2378427673.
	*Warning: No mapping for cell/part FIDUCIAL-MARK-3.0-1.0_2378427673
Generating 3D model for part FIDUCIAL-MARK-3.0-1.0_2364197535.
	*Warning: No mapping for cell/part FIDUCIAL-MARK-3.0-1.0_2364197535
Generating 3D model for part PCA9515AD_SOIC8_992175040.
	*Warning: No mapping for cell/part PCA9515AD_SOIC8_992175040
Generating 3D model for part SP3232ECA-L/TR_SSOP16_2763110074.
	*Warning: No mapping for cell/part SP3232ECA-L/TR_SSOP16_2763110074
Generating 3D model for part H11L1SM_6-SMD_3599597910.
	*Warning: No mapping for cell/part H11L1SM_6-SMD_3599597910
Generating 3D model for part KDS181_SOT23_3894459789.
	*Warning: No mapping for cell/part KDS181_SOT23_3894459789
Generating 3D model for part TPS76350DBVR_SOT23_5_3368692975.
	*Warning: No mapping for cell/part TPS76350DBVR_SOT23_5_3368692975
Generating 3D model for part SN6501DBV_SOT23_5_3368692975.
	*Warning: No mapping for cell/part SN6501DBV_SOT23_5_3368692975
Generating 3D model for part SN74LV4T125PW_TSSOP_14_3430806683.
	*Warning: No mapping for cell/part SN74LV4T125PW_TSSOP_14_3430806683
Generating 3D model for part LTC2601CDD-1#PBF_2680807233.
	*Warning: No mapping for cell/part LTC2601CDD-1#PBF_2680807233
Generating 3D model for part UA741CD_SOIC8_1965064774.
	*Warning: No mapping for cell/part UA741CD_SOIC8_1965064774
Generating 3D model for part ICL7660S_SOIC8_1965064774.
	*Warning: No mapping for cell/part ICL7660S_SOIC8_1965064774
Generating 3D model for part TLV9004IDR_SOIC14_1686530415.
	*Warning: No mapping for cell/part TLV9004IDR_SOIC14_1686530415
Generating 3D model for part XTR111AID_10-DFN_2741111584.
	*Warning: No mapping for cell/part XTR111AID_10-DFN_2741111584
Generating 3D model for part SN74LVC540APWR_TSSOP_20_2320558958.
	*Warning: No mapping for cell/part SN74LVC540APWR_TSSOP_20_2320558958
Generating 3D model for part SN74LVC574APW_TSSOP_20_2320558958.
	*Warning: No mapping for cell/part SN74LVC574APW_TSSOP_20_2320558958
Generating 3D model for part ULN2803AFWG_SOP18_460108882.
	*Warning: No mapping for cell/part ULN2803AFWG_SOP18_460108882
Generating 3D model for part TLV1117-33CD_SOT223_3693922653.
	*Warning: No mapping for cell/part TLV1117-33CD_SOT223_3693922653
Generating 3D model for part OPA336/SOT_SOT23-5_3368692975.
	*Warning: No mapping for cell/part OPA336/SOT_SOT23-5_3368692975
Generating 3D model for part CD4051BM_SOP16_1902670228.
	*Warning: No mapping for cell/part CD4051BM_SOP16_1902670228
Generating 3D model for part 760390014_1903993733.
	*Warning: No mapping for cell/part 760390014_1903993733
Generating 3D model for part KTC3875S-Y_SOT23_3222441663.
	*Warning: No mapping for cell/part KTC3875S-Y_SOT23_3222441663
Generating 3D model for part BSP170P-SOT223_3693922653.
	*Warning: No mapping for cell/part BSP170P-SOT223_3693922653
Generating 3D model for part MMBT5087LT1G_SOT23_3108709666.
	*Warning: No mapping for cell/part MMBT5087LT1G_SOT23_3108709666
Generating 3D model for part SI2319_SOT23_3528180608.
	*Warning: No mapping for cell/part SI2319_SOT23_3528180608
Generating 3D model for part RY24W-K.
Generating 3D model for part 5267-02A_4039976112.
	*Warning: No mapping for cell/part 5267-02A_4039976112
Generating 3D model for part 5267-04A_1098429101.
	*Warning: No mapping for cell/part 5267-04A_1098429101
Generating 3D model for part 5267-08A.
Generating 3D model for part 5267-10A.
Generating 3D model for part 53375-0310.
Generating 3D model for part AL-CAP-6.6PI_959464514.
	*Warning: No mapping for cell/part AL-CAP-6.6PI_959464514
Generating 3D model for part AL-CAP-8.3PI_929288206.
	*Warning: No mapping for cell/part AL-CAP-8.3PI_929288206
Generating 3D model for part C1608_1080710495.
	*Warning: No mapping for cell/part C1608_1080710495
Generating 3D model for part C2012_3608481538.
	*Warning: No mapping for cell/part C2012_3608481538
Generating 3D model for part H11L1SM_6-SMD_1762365158.
	*Warning: No mapping for cell/part H11L1SM_6-SMD_1762365158
Generating 3D model for part HR-CR7_DC24_1480903075.
	*Warning: No mapping for cell/part HR-CR7_DC24_1480903075
Generating 3D model for part KDS181_SOT23_1787432835.
	*Warning: No mapping for cell/part KDS181_SOT23_1787432835
Generating 3D model for part KDS181_SOT23_3065555025.
	*Warning: No mapping for cell/part KDS181_SOT23_3065555025
Generating 3D model for part L1608_1080710495.
	*Warning: No mapping for cell/part L1608_1080710495
Generating 3D model for part L2012_3608481538.
	*Warning: No mapping for cell/part L2012_3608481538
Generating 3D model for part LTST-C19XXX_3449345242.
	*Warning: No mapping for cell/part LTST-C19XXX_3449345242
Generating 3D model for part MBR0520_560697479.
	*Warning: No mapping for cell/part MBR0520_560697479
Generating 3D model for part MDE1250-470M_691582818.
	*Warning: No mapping for cell/part MDE1250-470M_691582818
Generating 3D model for part MSS1P6-M3/89A_2788049244.
	*Warning: No mapping for cell/part MSS1P6-M3/89A_2788049244
Generating 3D model for part R1608_1080710495.
	*Warning: No mapping for cell/part R1608_1080710495
Generating 3D model for part R2012_3608481538.
	*Warning: No mapping for cell/part R2012_3608481538
Generating 3D model for part R3216_1235778408.
	*Warning: No mapping for cell/part R3216_1235778408
Generating 3D model for part S1M_SMA_3014849824.
	*Warning: No mapping for cell/part S1M_SMA_3014849824
Generating 3D model for part SMAJ40CA_SMA_3014849824.
	*Warning: No mapping for cell/part SMAJ40CA_SMA_3014849824
Generating 3D model for part SN74LVC574APW_TSSOP_20_4029905430.
	*Warning: No mapping for cell/part SN74LVC574APW_TSSOP_20_4029905430
Generating 3D model for part SS16T3G_SMA_3014849824.
	*Warning: No mapping for cell/part SS16T3G_SMA_3014849824
Generating 3D model for part SS34FA_2831110838.
	*Warning: No mapping for cell/part SS34FA_2831110838
Generating 3D model for part TC3216_1235778408.
	*Warning: No mapping for cell/part TC3216_1235778408
Generating 3D model for part TLV9004IDR_SOIC14_3312415027.
	*Warning: No mapping for cell/part TLV9004IDR_SOIC14_3312415027
Generating 3D model for part UA741CD_SOIC8_2302935092.
	*Warning: No mapping for cell/part UA741CD_SOIC8_2302935092
Generating 3D model for part ULN2803AFWG_SOP18_2668086750.
	*Warning: No mapping for cell/part ULN2803AFWG_SOP18_2668086750
Generating 3D model for part ULN2803AFWG_SOP18_3095050188.
	*Warning: No mapping for cell/part ULN2803AFWG_SOP18_3095050188
Generating 3D model for part BS127D-S022-60G_1_422515346.
	*Warning: No mapping for cell/part BS127D-S022-60G_1_422515346
Generating 3D model for part HIF3FC-16PA-2.54DSA.
Generating 3D model for part LM2596DSA_TO-263.
Generating 3D model for part AD7689BCPZ_20-LFCSP_1421577827.
	*Warning: No mapping for cell/part AD7689BCPZ_20-LFCSP_1421577827
Generating 3D model for part WIW3296W_894363391.
	*Warning: No mapping for cell/part WIW3296W_894363391
Generating 3D model for part NTH-3.0MM_498584182.
	*Warning: No mapping for cell/part NTH-3.0MM_498584182
Generating 3D model for part HEADER2X10-R_1907828910.
	*Warning: No mapping for cell/part HEADER2X10-R_1907828910
Generating 3D model for part TP-1.5-1.0_2838679838.
	*Warning: No mapping for cell/part TP-1.5-1.0_2838679838
Generating 3D model for part TP-1.5-1.0_480574648.
	*Warning: No mapping for cell/part TP-1.5-1.0_480574648
Generating 3D model for part TP-1.5-1.0_1651601106.
	*Warning: No mapping for cell/part TP-1.5-1.0_1651601106
Generating 3D model for part S8411-45R_1_2626868191.
	*Warning: No mapping for cell/part S8411-45R_1_2626868191
Generating 3D model for part YW396-02V_4093378927.
	*Warning: No mapping for cell/part YW396-02V_4093378927
Generating 3D model for part 5267-06A.
Generating 3D model for part KSD02SC_SMD_1650022679.
	*Warning: No mapping for cell/part KSD02SC_SMD_1650022679
Generating 3D model for part KSD04SC_SMD_848674428.
	*Warning: No mapping for cell/part KSD04SC_SMD_848674428
Generating 3D model for part 74HCT245D/SOIC20_1849079729.
	*Warning: No mapping for cell/part 74HCT245D/SOIC20_1849079729
Generating 3D model for part JUMPER_10PITCH_2869963954.
	*Warning: No mapping for cell/part JUMPER_10PITCH_2869963954
Generating 3D model for part HEADER1X2_3872267510.
	*Warning: No mapping for cell/part HEADER1X2_3872267510
Generating 3D model for part AL-CAP-5.3PI_3051807355.
	*Warning: No mapping for cell/part AL-CAP-5.3PI_3051807355
