Drill Listing
=============
Drill: .00787  Tool: 1  Feed: 0  Speed: 0
X 429133  Y 419291
X 429133  Y 417322
X 429133  Y 421259
X 431102  Y 417322
X 431102  Y 419291
X 431102  Y 421259
X 444586  Y 412106
X 449566  Y 412106
X 459527  Y 399980
X 464507  Y 399980
X 474685  Y 399980
X 479665  Y 399980
X 484370  Y 414173
X 489625  Y 399980
X 494606  Y 399980
X 499586  Y 412322
X 504566  Y 412106
X 509645  Y 412204
X 514763  Y 412204
X 519488  Y 412204
X 525078  Y 412440
X 529409  Y 412440
X 534606  Y 412440
X 539803  Y 412440
X 544566  Y 412440
X 552165  Y 399409
X 569488  Y 426968
X 573149  Y 427814
X 574606  Y 399803
X 589015  Y 415570
X 589822  Y 418503
X 589822  Y 424566
X 589822  Y 421535
X 591338  Y 423051
X 591338  Y 426082
X 591338  Y 420019
X 591338  Y 416988
X 698149  Y 409291
X 621850  Y 440551
X 612992  Y 437401
X 583543  Y 437992
X 581220  Y 434842
X 581220  Y 431377
X 579055  Y 433110
X 569960  Y 447401
X 568661  Y 449133
X 564763  Y 445236
X 561299  Y 443070
X 559566  Y 446102
X 542244  Y 451299
X 537598  Y 439173
X 524606  Y 444488
X 523228  Y 437007
X 517559  Y 443937
X 512795  Y 428543
X 497362  Y 443188
X 464015  Y 447952
X 456653  Y 451850
X 444527  Y 451850
X 444527  Y 448385
X 444094  Y 446220
X 440629  Y 433228
X 419842  Y 445354
X 419842  Y 450118
X 419842  Y 460078
X 419842  Y 454881
X 424409  Y 461811
X 446456  Y 476968
X 454724  Y 456102
X 455118  Y 458858
X 457677  Y 469685
X 459055  Y 476968
X 461811  Y 455314
X 461811  Y 457874
X 465748  Y 476751
X 475393  Y 473129
X 487204  Y 468897
X 506732  Y 471653
X 510629  Y 471653
X 513582  Y 465944
X 538129  Y 475984
X 542618  Y 475236
X 544350  Y 473720
X 544350  Y 476751
X 547362  Y 469488
X 552637  Y 457795
X 552637  Y 467755
X 561889  Y 476535
X 561889  Y 470905
X 561889  Y 468307
X 587440  Y 465275
X 589173  Y 467007
X 614960  Y 475000
X 621850  Y 457086
X 640354  Y 487795
X 622834  Y 482874
X 614960  Y 484842
X 610039  Y 499803
X 606102  Y 499803
X 601574  Y 488110
X 598110  Y 497637
X 587007  Y 486929
X 561889  Y 487362
X 555826  Y 495157
X 553228  Y 492992
X 550196  Y 501653
X 547381  Y 482814
X 547381  Y 485196
X 547165  Y 501653
X 545649  Y 480216
X 543917  Y 501653
X 543917  Y 498188
X 543917  Y 496023
X 542618  Y 478267
X 541535  Y 498188
X 539370  Y 498188
X 536338  Y 486929
X 510137  Y 490846
X 510137  Y 478051
X 510137  Y 480610
X 507578  Y 493405
X 507578  Y 488287
X 507578  Y 483169
X 507578  Y 501082
X 507578  Y 480610
X 507578  Y 478051
X 507578  Y 495964
X 505019  Y 493405
X 505019  Y 488287
X 505019  Y 485728
X 505019  Y 495964
X 505019  Y 498523
X 505019  Y 480610
X 505019  Y 490846
X 502460  Y 480610
X 502460  Y 483169
X 502460  Y 478051
X 499901  Y 488287
X 499901  Y 480610
X 497381  Y 488248
X 497342  Y 478051
X 497342  Y 480610
X 497342  Y 501082
X 494783  Y 488287
X 494783  Y 501082
X 494783  Y 495964
X 494783  Y 490846
X 492224  Y 478051
X 492224  Y 490846
X 492224  Y 488287
X 492224  Y 480610
X 492224  Y 501082
X 492224  Y 495964
X 492224  Y 483169
X 489665  Y 478051
X 487106  Y 490846
X 487106  Y 493405
X 487106  Y 485728
X 487106  Y 478051
X 484547  Y 490846
X 484547  Y 495964
X 484547  Y 488287
X 484547  Y 501082
X 484547  Y 478051
X 484547  Y 485728
X 484547  Y 483169
X 484547  Y 493405
X 484547  Y 480610
X 481988  Y 495964
X 474409  Y 502519
X 470728  Y 485413
X 470078  Y 489744
X 467480  Y 491259
X 467480  Y 494291
X 465964  Y 492775
X 462716  Y 502086
X 460551  Y 490826
X 459251  Y 482165
X 451240  Y 499055
X 446259  Y 489527
X 409448  Y 498031
X 422007  Y 504251
X 424173  Y 504251
X 424606  Y 510314
X 427637  Y 519842
X 442795  Y 518759
X 442795  Y 516594
X 445177  Y 505334
X 445177  Y 525039
X 446692  Y 526555
X 447342  Y 505334
X 448858  Y 519842
X 448858  Y 517677
X 449507  Y 503169
X 449507  Y 505334
X 467913  Y 512047
X 470944  Y 518543
X 470944  Y 516377
X 471161  Y 507066
X 483503  Y 513996
X 484547  Y 503641
X 484547  Y 506200
X 485511  Y 520157
X 486968  Y 515511
X 487106  Y 503641
X 487244  Y 522755
X 488976  Y 524055
X 489665  Y 503641
X 489665  Y 506200
X 490708  Y 522755
X 491338  Y 527559
X 493307  Y 523818
X 493897  Y 527854
X 494783  Y 503641
X 495413  Y 526338
X 496496  Y 521791
X 496496  Y 519625
X 496929  Y 524822
X 497342  Y 503641
X 498661  Y 521791
X 499901  Y 503641
X 502460  Y 503641
X 505019  Y 506200
X 505019  Y 503641
X 507578  Y 503641
X 507578  Y 506200
X 510137  Y 503641
X 520157  Y 522755
X 521023  Y 524921
X 523425  Y 508759
X 525078  Y 504035
X 526771  Y 523228
X 526811  Y 506850
X 529842  Y 503818
X 535826  Y 527559
X 538720  Y 503169
X 540944  Y 527559
X 544133  Y 526338
X 545649  Y 503602
X 548681  Y 503602
X 551574  Y 520866
X 551712  Y 503602
X 560433  Y 521673
X 562814  Y 513228
X 562814  Y 521673
X 564330  Y 511496
X 565846  Y 514527
X 566535  Y 526771
X 567578  Y 513011
X 568011  Y 509330
X 568444  Y 516476
X 569960  Y 514960
X 570610  Y 517342
X 575157  Y 508681
X 576023  Y 506732
X 586614  Y 524803
X 694251  Y 505866
X 594212  Y 550039
X 586614  Y 529133
X 586417  Y 539645
X 586417  Y 541811
X 583602  Y 538996
X 583385  Y 536614
X 581220  Y 536614
X 576456  Y 549173
X 573858  Y 538779
X 572992  Y 543326
X 571259  Y 550039
X 567145  Y 533799
X 566653  Y 538031
X 564763  Y 533582
X 564488  Y 551889
X 561417  Y 530708
X 561417  Y 534645
X 561299  Y 543543
X 559724  Y 550374
X 556318  Y 543543
X 556299  Y 528740
X 556299  Y 534645
X 553503  Y 547224
X 551929  Y 534566
X 549330  Y 534566
X 548464  Y 545610
X 546299  Y 545610
X 544350  Y 551240
X 543700  Y 535433
X 541535  Y 535433
X 538937  Y 551889
X 534606  Y 544527
X 533149  Y 539212
X 532874  Y 551456
X 528602  Y 551555
X 526771  Y 539763
X 522047  Y 546259
X 520078  Y 535039
X 519448  Y 531102
X 519015  Y 540413
X 517283  Y 531102
X 513818  Y 530236
X 513602  Y 546259
X 513385  Y 534251
X 508188  Y 539763
X 507755  Y 528503
X 504035  Y 530019
X 478149  Y 528346
X 471811  Y 529803
X 469212  Y 529803
X 467047  Y 529803
X 466181  Y 545393
X 466181  Y 543228
X 457519  Y 546692
X 456653  Y 544527
X 453188  Y 544527
X 452972  Y 547559
X 449724  Y 534133
X 448641  Y 541496
X 447992  Y 550590
X 446692  Y 529586
X 446476  Y 543228
X 446259  Y 549291
X 445177  Y 528070
X 445177  Y 531102
X 444960  Y 541496
X 444527  Y 547992
X 443444  Y 543228
X 442795  Y 549724
X 441929  Y 541496
X 440413  Y 543228
X 439763  Y 547992
X 438031  Y 549724
X 424724  Y 533386
X 424724  Y 562401
X 428740  Y 576377
X 428740  Y 574409
X 430708  Y 576377
X 430708  Y 574409
X 444586  Y 571889
X 444685  Y 569488
X 449586  Y 571889
X 449606  Y 569488
X 454527  Y 569488
X 459645  Y 569685
X 464566  Y 569685
X 468129  Y 553622
X 469488  Y 569685
X 475275  Y 553622
X 479527  Y 569685
X 484645  Y 569685
X 489566  Y 557480
X 494685  Y 557480
X 499606  Y 557480
X 504625  Y 553543
X 530767  Y 553720
X 549606  Y 553051
X 569488  Y 553149
X 569685  Y 557283
X 582244  Y 556653
X 588740  Y 564881
X 588740  Y 567047
X 590905  Y 557952
X 641929  Y 557086
X 534645  Y 584448
X 529527  Y 584448
X 509448  Y 584448
X 504527  Y 584448
X 499606  Y 584448
X 494685  Y 584448
X 489566  Y 584448
X 430708  Y 578346
X 428740  Y 578346

Drill: .01181  Tool: 2  Feed: 95  Speed: 300
X 397637  Y 397637
X 409448  Y 397637
X 421259  Y 397637
X 433070  Y 397637
X 444881  Y 397637
X 452755  Y 397637
X 564566  Y 399606
X 577755  Y 397637
X 586614  Y 397637
X 606299  Y 397637
X 618110  Y 397637
X 629921  Y 397637
X 641732  Y 397637
X 653543  Y 397637
X 665354  Y 397637
X 677165  Y 397637
X 688976  Y 397637
X 700787  Y 397637
X 712598  Y 397637
X 712598  Y 405511
X 712598  Y 425196
X 712598  Y 417322
X 688976  Y 413385
X 688976  Y 405511
X 688976  Y 421259
X 677165  Y 413385
X 677165  Y 405511
X 677165  Y 421259
X 665354  Y 413385
X 665354  Y 405511
X 665354  Y 421259
X 653543  Y 405511
X 653543  Y 421259
X 653543  Y 413385
X 641732  Y 405511
X 641732  Y 421259
X 641732  Y 413385
X 629921  Y 405511
X 629921  Y 413385
X 629921  Y 421259
X 618110  Y 413385
X 618110  Y 421259
X 618110  Y 405511
X 606299  Y 405511
X 606299  Y 421259
X 606299  Y 413385
X 598425  Y 427165
X 506948  Y 427696
X 493700  Y 427559
X 421259  Y 405511
X 413385  Y 413385
X 413385  Y 421259
X 409448  Y 405511
X 397637  Y 409448
X 397637  Y 444881
X 397637  Y 433070
X 405511  Y 433070
X 405511  Y 444881
X 425196  Y 429133
X 425196  Y 444881
X 429133  Y 452755
X 433070  Y 429133
X 433464  Y 435826
X 458858  Y 440354
X 462204  Y 451181
X 464566  Y 435826
X 469291  Y 444094
X 493700  Y 444881
X 496850  Y 437401
X 504724  Y 437007
X 505511  Y 431102
X 511417  Y 431102
X 546850  Y 452755
X 553543  Y 437401
X 553543  Y 432677
X 564566  Y 437401
X 564566  Y 432283
X 572440  Y 435039
X 618110  Y 446850
X 618110  Y 452755
X 618110  Y 435826
X 618110  Y 429133
X 624015  Y 450787
X 625984  Y 435039
X 629921  Y 429133
X 633858  Y 452755
X 633858  Y 435039
X 637795  Y 448818
X 637795  Y 445275
X 637795  Y 442519
X 639763  Y 437007
X 641732  Y 429133
X 641732  Y 472440
X 639763  Y 476377
X 637795  Y 454724
X 635826  Y 461811
X 635826  Y 458661
X 633858  Y 476377
X 627952  Y 476377
X 618110  Y 460629
X 608267  Y 466535
X 608267  Y 472440
X 602362  Y 466535
X 602362  Y 472440
X 596456  Y 472440
X 590551  Y 472440
X 546850  Y 456299
X 540354  Y 469094
X 504724  Y 455118
X 497637  Y 462204
X 490551  Y 454330
X 490551  Y 463779
X 472047  Y 453937
X 466141  Y 453937
X 413385  Y 472440
X 405511  Y 456692
X 397637  Y 468503
X 397637  Y 456692
X 397637  Y 492125
X 397637  Y 484251
X 405511  Y 500000
X 413385  Y 480314
X 413385  Y 488188
X 421259  Y 480314
X 425196  Y 496062
X 465354  Y 485039
X 586614  Y 500000
X 590551  Y 478346
X 596456  Y 478346
X 602362  Y 478346
X 608267  Y 478346
X 617716  Y 492913
X 641732  Y 482283
X 643700  Y 494094
X 657480  Y 494094
X 667322  Y 494094
X 685039  Y 494094
X 712598  Y 496062
X 712598  Y 503937
X 712598  Y 515748
X 712598  Y 527559
X 700787  Y 515748
X 700787  Y 527559
X 688976  Y 503937
X 688976  Y 515748
X 688976  Y 527559
X 677165  Y 503937
X 677165  Y 515748
X 677165  Y 527559
X 665354  Y 503937
X 665354  Y 515748
X 653543  Y 527559
X 653543  Y 515748
X 653543  Y 503937
X 641732  Y 527559
X 641732  Y 515748
X 633858  Y 515748
X 625984  Y 515748
X 622047  Y 511811
X 622047  Y 503937
X 618110  Y 527559
X 616141  Y 518503
X 610629  Y 518503
X 605118  Y 518503
X 602362  Y 524015
X 594488  Y 523622
X 594094  Y 518503
X 542125  Y 506299
X 536220  Y 506299
X 427559  Y 505118
X 423228  Y 522440
X 413385  Y 507874
X 405511  Y 507874
X 397637  Y 527559
X 397637  Y 515748
X 397637  Y 503937
X 397637  Y 539370
X 397637  Y 551181
X 422047  Y 541338
X 437007  Y 543307
X 449212  Y 537401
X 618110  Y 535433
X 618110  Y 543307
X 625984  Y 531496
X 633858  Y 531496
X 653543  Y 551181
X 665354  Y 551181
X 665354  Y 531496
X 677165  Y 539370
X 700787  Y 539370
X 712598  Y 551181
X 712598  Y 539370
X 712598  Y 562992
X 712598  Y 574803
X 700787  Y 574803
X 688976  Y 574803
X 677165  Y 574803
X 665354  Y 574803
X 665354  Y 562992
X 653543  Y 574803
X 653543  Y 562992
X 641732  Y 562992
X 641732  Y 574803
X 629921  Y 574803
X 618110  Y 574803
X 610236  Y 559055
X 606299  Y 574803
X 601574  Y 560984
X 598425  Y 555118
X 594488  Y 574803
X 433070  Y 555118
X 417322  Y 562992
X 413385  Y 570866
X 409448  Y 562992
X 397637  Y 574803
X 397637  Y 562992
X 397637  Y 586614
X 413385  Y 578740
X 417322  Y 586614
X 429133  Y 586614
X 440944  Y 586614
X 452755  Y 586614
X 464566  Y 586614
X 523622  Y 586614
X 547244  Y 586614
X 559055  Y 586614
X 570866  Y 586614
X 582677  Y 586614
X 594488  Y 586614
X 606299  Y 586614
X 618110  Y 586614
X 629921  Y 586614
X 641732  Y 586614
X 653543  Y 586614
X 665354  Y 586614
X 677165  Y 586614
X 688976  Y 586614
X 700787  Y 586614
X 712598  Y 586614

Drill: .03543  Tool: 3  Feed: 197  Speed: 550
X 650433  Y 446948
X 650433  Y 456948
X 650433  Y 466948
X 650433  Y 476948
X 660433  Y 461948
X 660433  Y 451948
X 660433  Y 471948
X 660433  Y 441948

Drill: .03937  Tool: 4  Feed: 197  Speed: 550
X 403661  Y 526614
X 403661  Y 516614
X 413661  Y 526614
X 413661  Y 516614
X 413661  Y 536614
X 413661  Y 546614
X 413661  Y 556614
X 405511  Y 572834
X 403661  Y 556614
X 403661  Y 546614
X 403661  Y 536614
X 405511  Y 582677

Drill: .04331  Tool: 5  Feed: 139  Speed: 550
X 698740  Y 444547
X 698740  Y 484350
X 704724  Y 474350
X 704724  Y 434547

Drill: .06496  Tool: 6  Feed: 89  Speed: 550
X 673425  Y 428444
X 673425  Y 490452

Drill: .12992  Tool: 7  Feed: 35  Speed: 794
X 685433  Y 436948
X 685433  Y 481948

Drill: .1378  Tool: 8  Feed: 35  Speed: 794
X 688976  Y 555118

Drill: .15748  Tool: 9  Feed: 35  Speed: 900
X 409448  Y 377952
X 700787  Y 377952
X 700787  Y 803149
X 409448  Y 803149

End of Listing
