Drill Listing
=============
Drill: .00787  Tool: 1  Feed: 0  Speed: 0
X 416700  Y 493944
X 416622  Y 502094
X 430598  Y 509653
X 435322  Y 520795
X 450204  Y 529251
X 453393  Y 516897
X 455244  Y 503866
X 446342  Y 469496
X 470870  Y 479299
X 489535  Y 521582
X 472677  Y 529251
X 563314  Y 520795
X 558551  Y 509614
X 544574  Y 502055
X 544653  Y 493944
X 519496  Y 474366
X 574220  Y 469377
X 581031  Y 503866
X 581346  Y 516897
X 578196  Y 529248
X 600598  Y 529248
X 617488  Y 521582
X 594862  Y 485862
X 647448  Y 474377

Drill: .02953  Tool: 2  Feed: 197  Speed: 550
X 482381  Y 477661
X 477381  Y 482661
X 482381  Y 487661
X 610334  Y 492661
X 610334  Y 472661

Drill: .0315  Tool: 3  Feed: 197  Speed: 550
X 461712  Y 547228
X 451870  Y 547228
X 491240  Y 547228
X 481397  Y 547228
X 471555  Y 547228
X 589665  Y 547228
X 579822  Y 547228
X 599507  Y 547228
X 609350  Y 547228
X 619192  Y 547228

End of Listing
