Generating 3D model for part ICL7660CSA_636352778.
	*Warning: No mapping for cell/part ICL7660CSA_636352778
Generating 3D model for part OPA380AID_1104445906.
	*Warning: No mapping for cell/part OPA380AID_1104445906
Generating 3D model for part T491A106M016AT4803_2220803334.
	*Warning: No mapping for cell/part T491A106M016AT4803_2220803334
Generating 3D model for part T491A106M016AT4803_3607098802.
	*Warning: No mapping for cell/part T491A106M016AT4803_3607098802
Generating 3D model for part C1608_1122309326.
	*Warning: No mapping for cell/part C1608_1122309326
Generating 3D model for part R1608_3830366575.
	*Warning: No mapping for cell/part R1608_3830366575
Generating 3D model for part S12698-01_1539038978.
	*Warning: No mapping for cell/part S12698-01_1539038978
Generating 3D model for part ADS1115IDGST_312575402.
	*Warning: No mapping for cell/part ADS1115IDGST_312575402
Generating 3D model for part ADS1115IDGST_3039778184.
	*Warning: No mapping for cell/part ADS1115IDGST_3039778184
Generating 3D model for part G12183-010K_2777984856.
	*Warning: No mapping for cell/part G12183-010K_2777984856
Generating 3D model for part ICL7660CSA_2183783538.
	*Warning: No mapping for cell/part ICL7660CSA_2183783538
Generating 3D model for part OPA380AID_4189013405.
	*Warning: No mapping for cell/part OPA380AID_4189013405
Generating 3D model for part T491A106M016AT4803_182753166.
	*Warning: No mapping for cell/part T491A106M016AT4803_182753166
Generating 3D model for part T491A106M016AT4803_2028700610.
	*Warning: No mapping for cell/part T491A106M016AT4803_2028700610
Generating 3D model for part 22057055_734691324.
	*Warning: No mapping for cell/part 22057055_734691324
